<?xml version="1.0" encoding="UTF-8"?>
<!-- Generated by org.testng.reporters.JUnitReportReporter -->
<testsuite hostname="DESKTOP-V3KGSQ3" failures="0" tests="9" name="org.testng.CrossBrowserClass" time="464.589" errors="0" timestamp="11 Sept 2023 16:57:11 GMT" skipped="0">
  <testcase classname="org.testng.CrossBrowserClass" name="website" time="66.885"/>
  <testcase classname="org.testng.CrossBrowserClass" name="website" time="44.637"/>
  <testcase classname="org.testng.CrossBrowserClass" name="website" time="63.783"/>
  <testcase classname="org.testng.CrossBrowserClass" name="clickProduct" time="55.924"/>
  <testcase classname="org.testng.CrossBrowserClass" name="clickProduct" time="55.755"/>
  <testcase classname="org.testng.CrossBrowserClass" name="clickProduct" time="56.054"/>
  <testcase classname="org.testng.CrossBrowserClass" name="addCart" time="40.456"/>
  <testcase classname="org.testng.CrossBrowserClass" name="addCart" time="40.698"/>
  <testcase classname="org.testng.CrossBrowserClass" name="addCart" time="40.397"/>
</testsuite> <!-- org.testng.CrossBrowserClass -->
