<?xml version="1.0" encoding="UTF-8"?>
<!-- Generated by org.testng.reporters.JUnitReportReporter -->
<testsuite hostname="DESKTOP-V3KGSQ3" failures="0" tests="2" name="org.testng.WoolsWorth" time="0.068" errors="0" timestamp="10 Sept 2023 09:49:18 GMT" skipped="0">
  <testcase classname="org.testng.WoolsWorth" name="tc2" time="0.032"/>
  <testcase classname="org.testng.WoolsWorth" name="tc3" time="0.036"/>
</testsuite> <!-- org.testng.WoolsWorth -->
