<?xml version="1.0" encoding="UTF-8"?>
<!-- Generated by org.testng.reporters.JUnitReportReporter -->
<testsuite hostname="DESKTOP-V3KGSQ3" failures="0" tests="1" name="org.testng.WoolsWorth1" time="0.010" errors="0" timestamp="10 Sept 2023 09:49:18 GMT" skipped="0">
  <testcase classname="org.testng.WoolsWorth1" name="tc4" time="0.010"/>
</testsuite> <!-- org.testng.WoolsWorth1 -->
